2025-03-03 17:43:53,300 - {"timestamp": "2025-03-03T17:43:53.300795", "data_type": "query_input", "source": "client", "destination": "retriever", "content_preview": "explain the document about??"}
2025-03-03 17:43:53,364 - {"timestamp": "2025-03-03T17:43:53.364442", "data_type": "retrieved_docs", "source": "retriever", "destination": "qa_model", "content_keys": ["matches"], "content_preview": {"matches": "<class 'list'>"}}
2025-03-03 17:44:42,135 - {"timestamp": "2025-03-03T17:44:42.135519", "data_type": "processed_context", "source": "qa_model", "destination": "qa_model", "content_preview": "[CLS] structures constructed or to he constructed thereon or any part or parts thereof in the name of the whole and the same to have, possess and enjoy and thereupon this demise shall absolutely deter...", "content_length": 2302}
2025-03-03 17:44:42,296 - {"timestamp": "2025-03-03T17:44:42.296052", "data_type": "response", "source": "qa_model", "destination": "client", "content_preview": "Based on the provided information, I couldn't find a definitive answer to your question."}
2025-03-03 17:45:07,459 - {"timestamp": "2025-03-03T17:45:07.459675", "data_type": "query_input", "source": "client", "destination": "retriever", "content_preview": "what is the document about ??"}
2025-03-03 17:45:07,487 - {"timestamp": "2025-03-03T17:45:07.487261", "data_type": "retrieved_docs", "source": "retriever", "destination": "qa_model", "content_keys": ["matches"], "content_preview": {"matches": "<class 'list'>"}}
2025-03-03 17:45:08,469 - {"timestamp": "2025-03-03T17:45:08.469241", "data_type": "processed_context", "source": "qa_model", "destination": "qa_model", "content_preview": "[CLS] f. to use or permit to be used the buildings and structures to be constructed on the demised premises for any and all lawful purposes as may be permitted by the authorities from time to time. 3....", "content_length": 2275}
2025-03-03 17:45:08,625 - {"timestamp": "2025-03-03T17:45:08.625340", "data_type": "response", "source": "qa_model", "destination": "client", "content_preview": "the lessor doth hereby covenant with the lessee"}
2025-03-03 17:45:35,605 - {"timestamp": "2025-03-03T17:45:35.605157", "data_type": "query_input", "source": "client", "destination": "retriever", "content_preview": "what are the dates mentioned above??"}
2025-03-03 17:45:35,630 - {"timestamp": "2025-03-03T17:45:35.630265", "data_type": "retrieved_docs", "source": "retriever", "destination": "qa_model", "content_keys": ["matches"], "content_preview": {"matches": "<class 'list'>"}}
2025-03-03 17:45:35,813 - {"timestamp": "2025-03-03T17:45:35.813583", "data_type": "query_input", "source": "client", "destination": "retriever", "content_preview": "what are the dates mentioned above??"}
2025-03-03 17:45:35,838 - {"timestamp": "2025-03-03T17:45:35.838856", "data_type": "retrieved_docs", "source": "retriever", "destination": "qa_model", "content_keys": ["matches"], "content_preview": {"matches": "<class 'list'>"}}
2025-03-03 17:45:36,455 - {"timestamp": "2025-03-03T17:45:36.455450", "data_type": "processed_context", "source": "qa_model", "destination": "qa_model", "content_preview": "[CLS] f. to use or permit to be used the buildings and structures to be constructed on the demised premises for any and all lawful purposes as may be permitted by the authorities from time to time. 3....", "content_length": 2275}
2025-03-03 17:45:36,574 - {"timestamp": "2025-03-03T17:45:36.574435", "data_type": "processed_context", "source": "qa_model", "destination": "qa_model", "content_preview": "[CLS] f. to use or permit to be used the buildings and structures to be constructed on the demised premises for any and all lawful purposes as may be permitted by the authorities from time to time. 3....", "content_length": 2275}
2025-03-03 17:45:36,702 - {"timestamp": "2025-03-03T17:45:36.702755", "data_type": "response", "source": "qa_model", "destination": "client", "content_preview": "due dates"}
2025-03-03 17:45:36,753 - {"timestamp": "2025-03-03T17:45:36.753197", "data_type": "response", "source": "qa_model", "destination": "client", "content_preview": "due dates"}
2025-03-03 17:46:01,883 - {"timestamp": "2025-03-03T17:46:01.883872", "data_type": "query_input", "source": "client", "destination": "retriever", "content_preview": "who is the lesser"}
2025-03-03 17:46:02,141 - {"timestamp": "2025-03-03T17:46:02.139224", "data_type": "retrieved_docs", "source": "retriever", "destination": "qa_model", "content_keys": ["matches"], "content_preview": {"matches": "<class 'list'>"}}
2025-03-03 17:46:03,192 - {"timestamp": "2025-03-03T17:46:03.192290", "data_type": "processed_context", "source": "qa_model", "destination": "qa_model", "content_preview": "[CLS] structures constructed or to he constructed thereon or any part or parts thereof in the name of the whole and the same to have, possess and enjoy and thereupon this demise shall absolutely deter...", "content_length": 2302}
2025-03-03 17:46:03,542 - {"timestamp": "2025-03-03T17:46:03.542259", "data_type": "response", "source": "qa_model", "destination": "client", "content_preview": "Based on the provided information, I couldn't find a definitive answer to your question."}
2025-03-03 17:46:42,129 - {"timestamp": "2025-03-03T17:46:42.129953", "data_type": "query_input", "source": "client", "destination": "retriever", "content_preview": "who is the lessor"}
2025-03-03 17:46:42,370 - {"timestamp": "2025-03-03T17:46:42.370168", "data_type": "retrieved_docs", "source": "retriever", "destination": "qa_model", "content_keys": ["matches"], "content_preview": {"matches": "<class 'list'>"}}
2025-03-03 17:46:43,468 - {"timestamp": "2025-03-03T17:46:43.468674", "data_type": "processed_context", "source": "qa_model", "destination": "qa_model", "content_preview": "[CLS] structures constructed or to he constructed thereon or any part or parts thereof in the name of the whole and the same to have, possess and enjoy and thereupon this demise shall absolutely deter...", "content_length": 2302}
2025-03-03 17:46:43,815 - {"timestamp": "2025-03-03T17:46:43.815185", "data_type": "response", "source": "qa_model", "destination": "client", "content_preview": "Based on the provided information, I couldn't find a definitive answer to your question."}
2025-03-03 18:16:52,772 - {"timestamp": "2025-03-03T18:16:52.772258", "data_type": "query_input", "source": "client", "destination": "retriever", "content_preview": "what is the document about??"}
2025-03-03 18:16:52,805 - {"timestamp": "2025-03-03T18:16:52.805183", "data_type": "retrieved_docs", "source": "retriever", "destination": "qa_model", "content_keys": ["matches"], "content_preview": {"matches": "<class 'list'>"}}
2025-03-03 18:16:54,145 - {"timestamp": "2025-03-03T18:16:54.145452", "data_type": "processed_context", "source": "qa_model", "destination": "qa_model", "content_preview": "[CLS] f. to use or permit to be used the buildings and structures to be constructed on the demised premises for any and all lawful purposes as may be permitted by the authorities from time to time. 3....", "content_length": 2275}
2025-03-03 18:16:54,338 - {"timestamp": "2025-03-03T18:16:54.338604", "data_type": "response", "source": "qa_model", "destination": "client", "content_preview": "the lessor doth hereby covenant with the lessee"}
2025-03-03 18:25:17,135 - {"timestamp": "2025-03-03T18:25:17.135026", "data_type": "query_input", "source": "client", "destination": "retriever", "content_preview": "What is the document"}
2025-03-03 18:25:17,420 - {"timestamp": "2025-03-03T18:25:17.420812", "data_type": "retrieved_docs", "source": "retriever", "destination": "qa_model", "content_keys": ["matches"], "content_preview": {"matches": "<class 'list'>"}}
2025-03-03 18:25:19,954 - {"timestamp": "2025-03-03T18:25:19.954036", "data_type": "processed_context", "source": "qa_model", "destination": "qa_model", "content_preview": "[CLS] f. to use or permit to be used the buildings and structures to be constructed on the demised premises for any and all lawful purposes as may be permitted by the authorities from time to time. 3....", "content_length": 2275}
2025-03-03 18:25:20,370 - {"timestamp": "2025-03-03T18:25:20.370588", "data_type": "response", "source": "qa_model", "destination": "client", "content_preview": "the lessor doth hereby covenant"}
2025-03-03 21:46:04,425 - {"timestamp": "2025-03-03T21:46:04.425267", "data_type": "query_input", "source": "client", "destination": "retriever", "content_preview": "what the document is about ??"}
2025-03-03 21:46:04,759 - {"timestamp": "2025-03-03T21:46:04.759005", "data_type": "retrieved_docs", "source": "retriever", "destination": "qa_model", "content_keys": ["matches"], "content_preview": {"matches": "<class 'list'>"}}
2025-03-03 22:04:28,856 - {"timestamp": "2025-03-03T22:04:28.856859", "data_type": "query_input", "source": "client", "destination": "retriever", "content_preview": "what is the document about??"}
2025-03-03 22:04:29,533 - {"timestamp": "2025-03-03T22:04:29.533970", "data_type": "retrieved_docs", "source": "retriever", "destination": "qa_model", "content_keys": ["matches"], "content_preview": {"matches": "<class 'list'>"}}
2025-03-03 22:06:07,922 - {"timestamp": "2025-03-03T22:06:07.922836", "data_type": "qa_result", "source": "qa_model", "destination": "client", "content_keys": ["answer", "confidence", "has_answer"], "content_preview": {"answer": "No relevant information found in the provided docu...", "confidence": "<class 'float'>", "has_answer": "<class 'bool'>"}}
2025-03-03 22:07:28,409 - {"timestamp": "2025-03-03T22:07:28.409510", "data_type": "query_input", "source": "client", "destination": "retriever", "content_preview": "who is the lessor"}
2025-03-03 22:07:28,436 - {"timestamp": "2025-03-03T22:07:28.436038", "data_type": "retrieved_docs", "source": "retriever", "destination": "qa_model", "content_keys": ["matches"], "content_preview": {"matches": "<class 'list'>"}}
2025-03-03 22:07:33,975 - {"timestamp": "2025-03-03T22:07:33.975660", "data_type": "query_input", "source": "client", "destination": "retriever", "content_preview": "who is the lessor"}
2025-03-03 22:07:34,007 - {"timestamp": "2025-03-03T22:07:34.007896", "data_type": "retrieved_docs", "source": "retriever", "destination": "qa_model", "content_keys": ["matches"], "content_preview": {"matches": "<class 'list'>"}}
2025-03-03 22:07:34,698 - {"timestamp": "2025-03-03T22:07:34.698229", "data_type": "qa_result", "source": "qa_model", "destination": "client", "content_keys": ["answer", "confidence", "has_answer"], "content_preview": {"answer": "No relevant information found in the provided docu...", "confidence": "<class 'float'>", "has_answer": "<class 'bool'>"}}
2025-03-03 22:07:39,509 - {"timestamp": "2025-03-03T22:07:39.509069", "data_type": "qa_result", "source": "qa_model", "destination": "client", "content_keys": ["answer", "confidence", "has_answer"], "content_preview": {"answer": "No relevant information found in the provided docu...", "confidence": "<class 'float'>", "has_answer": "<class 'bool'>"}}
2025-03-03 22:31:55,255 - {"timestamp": "2025-03-03T22:31:55.255094", "data_type": "query_input", "source": "client", "destination": "retriever", "content_preview": "what the document is about??"}
2025-03-03 22:32:38,785 - {"timestamp": "2025-03-03T22:32:38.785298", "data_type": "query_input", "source": "client", "destination": "retriever", "content_preview": "who is the lessor"}
2025-03-03 22:32:44,821 - {"timestamp": "2025-03-03T22:32:44.821659", "data_type": "query_input", "source": "client", "destination": "retriever", "content_preview": "who is the lessor"}
2025-03-03 22:33:48,263 - {"timestamp": "2025-03-03T22:33:48.263736", "data_type": "query_input", "source": "client", "destination": "retriever", "content_preview": "who are witnesses"}
2025-03-03 22:42:43,686 - {"timestamp": "2025-03-03T22:42:43.686019", "data_type": "query_input", "source": "client", "destination": "qa_model", "content_preview": "what the document is about??"}
2025-03-03 22:43:28,436 - {"timestamp": "2025-03-03T22:43:28.436175", "data_type": "query_input", "source": "client", "destination": "qa_model", "content_preview": "what the document is about??"}
2025-03-03 23:11:43,248 - {"timestamp": "2025-03-03T23:11:43.248603", "data_type": "query_input", "source": "client", "destination": "qa_model", "content_preview": "what the document is about??"}
2025-03-03 23:12:10,138 - {"timestamp": "2025-03-03T23:12:10.138187", "data_type": "query_input", "source": "client", "destination": "qa_model", "content_preview": "who are the witnesses"}
2025-03-03 23:13:09,584 - {"timestamp": "2025-03-03T23:13:09.584902", "data_type": "query_input", "source": "client", "destination": "qa_model", "content_preview": "what is the interest rate??"}
2025-03-03 23:14:08,838 - {"timestamp": "2025-03-03T23:14:08.838255", "data_type": "query_input", "source": "client", "destination": "qa_model", "content_preview": "who has full power??"}
2025-03-04 11:33:44,415 - {"timestamp": "2025-03-04T11:33:44.415186", "data_type": "query_input", "source": "client", "destination": "qa_model", "content_preview": "what is the document about ??"}
2025-03-04 11:33:53,408 - {"timestamp": "2025-03-04T11:33:53.408544", "data_type": "query_input", "source": "client", "destination": "qa_model", "content_preview": "what is the document about ??"}
2025-03-04 11:35:03,696 - {"timestamp": "2025-03-04T11:35:03.696961", "data_type": "query_input", "source": "client", "destination": "qa_model", "content_preview": "who is the lessee"}
2025-03-04 11:35:10,364 - {"timestamp": "2025-03-04T11:35:10.364414", "data_type": "query_input", "source": "client", "destination": "qa_model", "content_preview": "who is the lessee"}
2025-03-04 11:35:57,060 - {"timestamp": "2025-03-04T11:35:57.060602", "data_type": "query_input", "source": "client", "destination": "qa_model", "content_preview": "who is the lessor"}
2025-03-04 12:57:11,744 - {"timestamp": "2025-03-04T12:57:11.744725", "data_type": "query_input", "source": "client", "destination": "qa_model", "content_preview": "who is the lessee"}
